0 info it worked if it ends with ok
1 verbose cli [ 'C:\\Program Files\\nodejs\\node.exe',
1 verbose cli   'C:\\Program Files\\nodejs\\node_modules\\npm\\bin\\npm-cli.js',
1 verbose cli   'start' ]
2 info using npm@3.10.10
3 info using node@v6.9.4
4 verbose run-script [ 'prestart', 'start', 'poststart' ]
5 info lifecycle arexaarvbnd.angular@0.0.0~prestart: arexaarvbnd.angular@0.0.0
6 silly lifecycle arexaarvbnd.angular@0.0.0~prestart: no script for prestart, continuing
7 info lifecycle arexaarvbnd.angular@0.0.0~start: arexaarvbnd.angular@0.0.0
8 verbose lifecycle arexaarvbnd.angular@0.0.0~start: unsafe-perm in lifecycle true
9 verbose lifecycle arexaarvbnd.angular@0.0.0~start: PATH: C:\Program Files\nodejs\node_modules\npm\bin\node-gyp-bin;D:\dialogcomponents\arexaarvbnd.angular\node_modules\.bin;C:\Program Files\RSA SecurID Token Common;C:\Program Files\MongoDB\Server\3.2\bin;C:\ProgramData\Oracle\Java\javapath;C:\Program Files (x86)\Intel\iCLS Client\;C:\Program Files\Intel\iCLS Client\;C:\Windows\system32;C:\Windows;C:\Windows\System32\Wbem;C:\Windows\System32\WindowsPowerShell\v1.0\;C:\Program Files\Intel\Intel(R) Management Engine Components\DAL;C:\Program Files (x86)\Intel\Intel(R) Management Engine Components\DAL;C:\Program Files\Intel\Intel(R) Management Engine Components\IPT;C:\Program Files (x86)\Intel\Intel(R) Management Engine Components\IPT;C:\Program Files\Java\jdk1.6.0_41\bin;C:\Program Files\Java\jre1.8.0_45\bin;C:\Program Files\Java\jre6\bin;C:\Program Files\Java\jdk1.6.0_41\bin;C:\Program Files (x86)\Java\jre7\bin;C:\Windows\System32\WindowsPowerShell\v1.0\;C:\Program Files\Microsoft SQL Server\100\DTS\Binn\;C:\Program Files (x86)\Microsoft SQL Server\100\Tools\Binn\VSShell\Common7\IDE\;C:\Program Files (x86)\Microsoft SQL Server\100\Tools\Binn\;C:\Program Files\Microsoft SQL Server\100\Tools\Binn\;C:\Program Files (x86)\Microsoft SQL Server\100\DTS\Binn\;C:\Program Files (x86)\Microsoft Visual Studio 9.0\Common7\IDE\PrivateAssemblies\;C:\Program Files\nodejs\;D:\Ang2KM\KM-Amg2\node_modules\http-server\bin;C:\Windows\system32\config\systemprofile\.dnx\bin;C:\Program Files\Microsoft DNX\Dnvm\;C:\Program Files\Microsoft SQL Server\130\Tools\Binn\;C:\Windows\System32\WindowsPowerShell\v1.0\;C:\Windows\System32\WindowsPowerShell\v1.0\;C:\ProgramData\Oracle\Java\javapath;C:\Program Files (x86)\Intel\iCLS Client\;C:\Program Files\Intel\iCLS Client\;C:\Windows\system32;C:\Windows;C:\Windows\System32\Wbem;C:\Windows\System32\WindowsPowerShell\v1.0\;C:\Program Files\Intel\Intel(R) Management Engine Components\DAL;C:\Program Files (x86)\Intel\Intel(R) Management Engine Components\DAL;C:\Program Files\Intel\Intel(R) Management Engine Components\IPT;C:\Program Files (x86)\Intel\Intel(R) Management Engine Components\IPT;C:\Program Files\Java\jdk1.6.0_41\bin;C:\Program Files\Java\jre1.8.0_45\bin;C:\Program Files\Java\jre6\bin;C:\Program Files\Java\jdk1.6.0_41\bin;C:\Program Files (x86)\Java\jre7\bin;C:\Windows\System32\WindowsPowerShell\v1.0\;C:\Program Files\Microsoft SQL Server\100\DTS\Binn\;C:\Program Files (x86)\Microsoft SQL Server\100\Tools\Binn\VSShell\Common7\IDE\;C:\Program Files (x86)\Microsoft SQL Server\100\Tools\Binn\;C:\Program Files\Microsoft SQL Server\100\Tools\Binn\;C:\Program Files (x86)\Microsoft SQL Server\100\DTS\Binn\;C:\Program Files (x86)\Microsoft Visual Studio 9.0\Common7\IDE\PrivateAssemblies\;C:\Program Files\nodejs\;C:\Program Files (x86)\Brackets\command;C:\Users\Sriharsha.pamulapati\AppData\Local\Programs\Git\cmd
10 verbose lifecycle arexaarvbnd.angular@0.0.0~start: CWD: D:\dialogcomponents\arexaarvbnd.angular
11 silly lifecycle arexaarvbnd.angular@0.0.0~start: Args: [ '/d /s /c', 'ng serve' ]
12 silly lifecycle arexaarvbnd.angular@0.0.0~start: Returned: code: 3  signal: null
13 info lifecycle arexaarvbnd.angular@0.0.0~start: Failed to exec start script
14 verbose stack Error: arexaarvbnd.angular@0.0.0 start: `ng serve`
14 verbose stack Exit status 3
14 verbose stack     at EventEmitter.<anonymous> (C:\Program Files\nodejs\node_modules\npm\lib\utils\lifecycle.js:255:16)
14 verbose stack     at emitTwo (events.js:106:13)
14 verbose stack     at EventEmitter.emit (events.js:191:7)
14 verbose stack     at ChildProcess.<anonymous> (C:\Program Files\nodejs\node_modules\npm\lib\utils\spawn.js:40:14)
14 verbose stack     at emitTwo (events.js:106:13)
14 verbose stack     at ChildProcess.emit (events.js:191:7)
14 verbose stack     at maybeClose (internal/child_process.js:877:16)
14 verbose stack     at Process.ChildProcess._handle.onexit (internal/child_process.js:226:5)
15 verbose pkgid arexaarvbnd.angular@0.0.0
16 verbose cwd D:\dialogcomponents\arexaarvbnd.angular
17 error Windows_NT 6.1.7601
18 error argv "C:\\Program Files\\nodejs\\node.exe" "C:\\Program Files\\nodejs\\node_modules\\npm\\bin\\npm-cli.js" "start"
19 error node v6.9.4
20 error npm  v3.10.10
21 error code ELIFECYCLE
22 error arexaarvbnd.angular@0.0.0 start: `ng serve`
22 error Exit status 3
23 error Failed at the arexaarvbnd.angular@0.0.0 start script 'ng serve'.
23 error Make sure you have the latest version of node.js and npm installed.
23 error If you do, this is most likely a problem with the arexaarvbnd.angular package,
23 error not with npm itself.
23 error Tell the author that this fails on your system:
23 error     ng serve
23 error You can get information on how to open an issue for this project with:
23 error     npm bugs arexaarvbnd.angular
23 error Or if that isn't available, you can get their info via:
23 error     npm owner ls arexaarvbnd.angular
23 error There is likely additional logging output above.
24 verbose exit [ 1, true ]
